<?xml version="1.0" encoding="UTF-8"?>
<testsuite name="TestSuite" time="0.193" tests="9" errors="0" skipped="0" failures="0">
  <properties>
[...]
</properties>
  <testcase name="promotionAPI_ResponseTime" classname="com.intigral.ott.popcorn.testcases.IntigralOttPopCornPromotions" time="0.01"/>
  <testcase name="promotionAPI_Success_StatusCode" classname="com.intigral.ott.popcorn.testcases.IntigralOttPopCornPromotions" time="0"/>
  <testcase name="popcornAPI_InvalidAPIKey_ResponseValidation" classname="com.intigral.ott.popcorn.testcases.IntigralOttPopcornPromotionsAPIErrorHandling" time="0"/>
  <testcase name="popcornAPI_InvalidAPIKey_StatusCode" classname="com.intigral.ott.popcorn.testcases.IntigralOttPopcornPromotionsAPIErrorHandling" time="0"/>
  <testcase name="promotionAPI_Promotions_Image" classname="com.intigral.ott.popcorn.testcases.IntigralOttPopCornPromotions" time="0.004"/>
  <testcase name="promotionAPI_Promotions_LocalisedText" classname="com.intigral.ott.popcorn.testcases.IntigralOttPopCornPromotions" time="0.006"/>
  <testcase name="promotionAPI_Promotions_Properties" classname="com.intigral.ott.popcorn.testcases.IntigralOttPopCornPromotions" time="0.067"/>
  <testcase name="promotionAPI_ResponseBody" classname="com.intigral.ott.popcorn.testcases.IntigralOttPopCornPromotions" time="0.033"/>
  <testcase name="promotionAPI_ResponseDataType" classname="com.intigral.ott.popcorn.testcases.IntigralOttPopCornPromotions" time="0.073"/>
</testsuite>