<?xml version="1.0" encoding="UTF-8"?>
<testng-results ignored="0" total="9" passed="9" failed="0" skipped="0">
  <reporter-output>
  </reporter-output>
  <suite started-at="2021-04-11T22:45:39 IST" name="API Test Suite" finished-at="2021-04-11T22:45:43 IST" duration-ms="4045">
    <groups>
    </groups>
    <test started-at="2021-04-11T22:45:39 IST" name="API Testing" finished-at="2021-04-11T22:45:43 IST" duration-ms="4045">
      <class name="com.intigral.ott.popcorn.testcases.IntigralOttPopCornPromotions">
        <test-method is-config="true" signature="setup()[pri:0, instance:com.intigral.ott.popcorn.testcases.IntigralOttPopCornPromotions@2d0399f4]" started-at="2021-04-11T22:45:39 IST" name="setup" finished-at="2021-04-11T22:45:40 IST" duration-ms="894" status="PASS">
          <reporter-output>
          </reporter-output>
        </test-method> <!-- setup -->
        <test-method is-config="true" signature="getPopCornPromotionData()[pri:0, instance:com.intigral.ott.popcorn.testcases.IntigralOttPopCornPromotions@2d0399f4]" started-at="2021-04-11T22:45:40 IST" name="getPopCornPromotionData" finished-at="2021-04-11T22:45:43 IST" depends-on-methods="com.intigral.ott.popcorn.api.BaseTest.setup" duration-ms="2643" status="PASS">
          <reporter-output>
          </reporter-output>
        </test-method> <!-- getPopCornPromotionData -->
        <test-method signature="promotionAPI_ResponseTime()[pri:0, instance:com.intigral.ott.popcorn.testcases.IntigralOttPopCornPromotions@2d0399f4]" started-at="2021-04-11T22:45:43 IST" name="promotionAPI_ResponseTime" finished-at="2021-04-11T22:45:43 IST" duration-ms="10" status="PASS">
          <reporter-output>
          </reporter-output>
        </test-method> <!-- promotionAPI_ResponseTime -->
        <test-method signature="promotionAPI_Success_StatusCode()[pri:0, instance:com.intigral.ott.popcorn.testcases.IntigralOttPopCornPromotions@2d0399f4]" started-at="2021-04-11T22:45:43 IST" name="promotionAPI_Success_StatusCode" finished-at="2021-04-11T22:45:43 IST" duration-ms="1" status="PASS">
          <reporter-output>
          </reporter-output>
        </test-method> <!-- promotionAPI_Success_StatusCode -->
        <test-method signature="promotionAPI_Promotions_Image()[pri:0, instance:com.intigral.ott.popcorn.testcases.IntigralOttPopCornPromotions@2d0399f4]" started-at="2021-04-11T22:45:43 IST" name="promotionAPI_Promotions_Image" finished-at="2021-04-11T22:45:43 IST" depends-on-methods="com.intigral.ott.popcorn.testcases.IntigralOttPopCornPromotions.promotionAPI_Success_StatusCode" duration-ms="2" status="PASS">
          <reporter-output>
          </reporter-output>
        </test-method> <!-- promotionAPI_Promotions_Image -->
        <test-method signature="promotionAPI_Promotions_LocalisedText()[pri:0, instance:com.intigral.ott.popcorn.testcases.IntigralOttPopCornPromotions@2d0399f4]" started-at="2021-04-11T22:45:43 IST" name="promotionAPI_Promotions_LocalisedText" finished-at="2021-04-11T22:45:43 IST" depends-on-methods="com.intigral.ott.popcorn.testcases.IntigralOttPopCornPromotions.promotionAPI_Success_StatusCode" duration-ms="1" status="PASS">
          <reporter-output>
          </reporter-output>
        </test-method> <!-- promotionAPI_Promotions_LocalisedText -->
        <test-method signature="promotionAPI_Promotions_Properties()[pri:0, instance:com.intigral.ott.popcorn.testcases.IntigralOttPopCornPromotions@2d0399f4]" started-at="2021-04-11T22:45:43 IST" name="promotionAPI_Promotions_Properties" finished-at="2021-04-11T22:45:43 IST" depends-on-methods="com.intigral.ott.popcorn.testcases.IntigralOttPopCornPromotions.promotionAPI_Success_StatusCode" duration-ms="3" status="PASS">
          <reporter-output>
          </reporter-output>
        </test-method> <!-- promotionAPI_Promotions_Properties -->
        <test-method signature="promotionAPI_ResponseBody()[pri:0, instance:com.intigral.ott.popcorn.testcases.IntigralOttPopCornPromotions@2d0399f4]" started-at="2021-04-11T22:45:43 IST" name="promotionAPI_ResponseBody" finished-at="2021-04-11T22:45:43 IST" depends-on-methods="com.intigral.ott.popcorn.testcases.IntigralOttPopCornPromotions.promotionAPI_Success_StatusCode" duration-ms="1" status="PASS">
          <reporter-output>
          </reporter-output>
        </test-method> <!-- promotionAPI_ResponseBody -->
        <test-method signature="promotionAPI_ResponseDataType()[pri:0, instance:com.intigral.ott.popcorn.testcases.IntigralOttPopCornPromotions@2d0399f4]" started-at="2021-04-11T22:45:43 IST" name="promotionAPI_ResponseDataType" finished-at="2021-04-11T22:45:43 IST" depends-on-methods="com.intigral.ott.popcorn.testcases.IntigralOttPopCornPromotions.promotionAPI_Success_StatusCode" duration-ms="2" status="PASS">
          <reporter-output>
          </reporter-output>
        </test-method> <!-- promotionAPI_ResponseDataType -->
      </class> <!-- com.intigral.ott.popcorn.testcases.IntigralOttPopCornPromotions -->
      <class name="com.intigral.ott.popcorn.testcases.IntigralOttPopcornPromotionsAPIErrorHandling">
        <test-method is-config="true" signature="setup()[pri:0, instance:com.intigral.ott.popcorn.testcases.IntigralOttPopcornPromotionsAPIErrorHandling@14dd7b39]" started-at="2021-04-11T22:45:43 IST" name="setup" finished-at="2021-04-11T22:45:43 IST" duration-ms="0" status="PASS">
          <reporter-output>
          </reporter-output>
        </test-method> <!-- setup -->
        <test-method is-config="true" signature="getInvalidAPIKeyResponse()[pri:0, instance:com.intigral.ott.popcorn.testcases.IntigralOttPopcornPromotionsAPIErrorHandling@14dd7b39]" started-at="2021-04-11T22:45:43 IST" name="getInvalidAPIKeyResponse" finished-at="2021-04-11T22:45:43 IST" depends-on-methods="com.intigral.ott.popcorn.api.BaseTest.setup" duration-ms="427" status="PASS">
          <reporter-output>
          </reporter-output>
        </test-method> <!-- getInvalidAPIKeyResponse -->
        <test-method signature="popcornAPI_InvalidAPIKey_ResponseValidation()[pri:0, instance:com.intigral.ott.popcorn.testcases.IntigralOttPopcornPromotionsAPIErrorHandling@14dd7b39]" started-at="2021-04-11T22:45:43 IST" name="popcornAPI_InvalidAPIKey_ResponseValidation" finished-at="2021-04-11T22:45:43 IST" duration-ms="0" status="PASS">
          <reporter-output>
          </reporter-output>
        </test-method> <!-- popcornAPI_InvalidAPIKey_ResponseValidation -->
        <test-method signature="popcornAPI_InvalidAPIKey_StatusCode()[pri:0, instance:com.intigral.ott.popcorn.testcases.IntigralOttPopcornPromotionsAPIErrorHandling@14dd7b39]" started-at="2021-04-11T22:45:43 IST" name="popcornAPI_InvalidAPIKey_StatusCode" finished-at="2021-04-11T22:45:43 IST" duration-ms="1" status="PASS">
          <reporter-output>
          </reporter-output>
        </test-method> <!-- popcornAPI_InvalidAPIKey_StatusCode -->
      </class> <!-- com.intigral.ott.popcorn.testcases.IntigralOttPopcornPromotionsAPIErrorHandling -->
    </test> <!-- API Testing -->
  </suite> <!-- API Test Suite -->
</testng-results>
