<?xml version="1.0" encoding="UTF-8"?>
<!-- Generated by org.testng.reporters.JUnitXMLReporter -->
<testsuite ignored="0" hostname="del1-lhp-n72178" failures="0" tests="9" name="API Testing" time="4.045" errors="0" timestamp="2021-04-11T22:45:43 IST">
  <testcase classname="com.intigral.ott.popcorn.testcases.IntigralOttPopCornPromotions" name="promotionAPI_ResponseTime" time="0.01"/>
  <testcase classname="com.intigral.ott.popcorn.testcases.IntigralOttPopCornPromotions" name="promotionAPI_Success_StatusCode" time="0.001"/>
  <testcase classname="com.intigral.ott.popcorn.testcases.IntigralOttPopcornPromotionsAPIErrorHandling" name="popcornAPI_InvalidAPIKey_ResponseValidation" time="0.0"/>
  <testcase classname="com.intigral.ott.popcorn.testcases.IntigralOttPopcornPromotionsAPIErrorHandling" name="popcornAPI_InvalidAPIKey_StatusCode" time="0.001"/>
  <testcase classname="com.intigral.ott.popcorn.testcases.IntigralOttPopCornPromotions" name="promotionAPI_Promotions_Image" time="0.002"/>
  <testcase classname="com.intigral.ott.popcorn.testcases.IntigralOttPopCornPromotions" name="promotionAPI_Promotions_LocalisedText" time="0.001"/>
  <testcase classname="com.intigral.ott.popcorn.testcases.IntigralOttPopCornPromotions" name="promotionAPI_Promotions_Properties" time="0.003"/>
  <testcase classname="com.intigral.ott.popcorn.testcases.IntigralOttPopCornPromotions" name="promotionAPI_ResponseBody" time="0.001"/>
  <testcase classname="com.intigral.ott.popcorn.testcases.IntigralOttPopCornPromotions" name="promotionAPI_ResponseDataType" time="0.002"/>
</testsuite> <!-- API Testing -->
